vienna
open
14 Mar 4
devans
82
7
2361
16 Feb 13
announce,84,-1,14 Feb 13,0,2,0.08
files,16,10,15 Feb 13,2,3,0.01
chatter,2200,-1,14 Feb 13,0,7,0.80
sandpit,23,-1,2 Aug 12,0,0,0.01
sandpit_files,5,3,11 Jul 12,0,0,0.00
bugs,24,-1,16 Feb 13,4,5,0.01
set_vole_back,9,-1,16 Feb 13,5,9,0.01
ENDCONFSTAT vienna
vienna
open
14 Mar 4
devans
82
7
2361
16 Feb 13
announce,84,-1,14 Feb 13,0,2,0.08
files,16,10,15 Feb 13,2,3,0.01
chatter,2200,-1,14 Feb 13,0,7,0.80
sandpit,23,-1,2 Aug 12,0,0,0.01
sandpit_files,5,3,11 Jul 12,0,0,0.00
bugs,24,-1,16 Feb 13,4,5,0.01
set_vole_back,9,-1,16 Feb 13,5,9,0.01
ENDCONFSTAT vienna
cix.support
open
5 Jun 97
rikki asalmon alan mat rlc icuknet alanheyes
1802
17
49736
16 Feb 13
support,5277,-1,5 Feb 8,0,0,1.90
announce,7,-1,7 Sep 12,0,0,0.01
6conferencing,2505,-1,25 May 5,0,0,0.82
ameol.faq,79,-1,11 Dec 12,0,0,0.12
conf.faq,9,-1,28 Nov 8,0,0,0.03
2ameol,4279,-1,10 Nov 10,0,0,1.63
1ameol,4636,-1,24 Dec 5,0,0,1.82
online,5001,-1,12 Jan 13,0,0,1.79
3ameol,5058,-1,26 Sep 8,0,0,1.92
2support,5843,-1,9 Dec 10,0,0,1.80
files,62,242,22 Jan 13,0,0,0.05
4ameol,5215,-1,11 Feb 11,0,0,1.86
cixforums,1983,-1,11 Feb 13,0,5,0.54
3support,3732,-1,16 Feb 13,1,36,1.25
5ameol,5045,-1,11 Feb 13,0,2,1.83
webmail,618,-1,14 Feb 13,0,8,0.18
6ameol,387,-1,16 Feb 13,7,12,0.12
ENDCONFSTAT cix.support
vienna
open
14 Mar 4
devans
82
7
2361
16 Feb 13
announce,84,-1,14 Feb 13,0,2,0.08
files,16,10,15 Feb 13,2,3,0.01
chatter,2200,-1,14 Feb 13,0,7,0.80
sandpit,23,-1,2 Aug 12,0,0,0.01
sandpit_files,5,3,11 Jul 12,0,0,0.00
bugs,24,-1,16 Feb 13,4,5,0.01
set_vole_back,9,-1,16 Feb 13,5,9,0.01
ENDCONFSTAT vienna
enquire_within
open
11 Aug 87
dcluley koen lasius p_elphick andwat
500
99
721472
16 Feb 13
oldtopics,47,59,25 Jun 3,0,0,0.02
6legal,5163,-1,24 Jun 4,0,0,1.91
37general,5589,-1,18 May 3,0,0,1.94
2finance,5446,2,26 Aug 2,0,0,1.91
38general,6338,-1,5 Aug 3,0,0,1.93
files,30,35,2 Oct 10,0,0,0.01
5legal,5588,-1,5 Dec 1,0,0,1.90
3finance,5259,-1,22 Oct 6,0,0,1.85
19discussion,5711,-1,6 Mar 3,0,0,1.94
20discussion,5983,-1,20 Jul 3,0,0,1.90
21discussion,5227,-1,18 Sep 3,0,0,1.94
39general,6019,-1,31 Oct 3,0,0,1.91
22discussion,5699,-1,28 Nov 3,0,0,1.95
40general,6748,-1,11 Nov 3,0,0,1.91
41general,6016,-1,31 Jan 4,0,0,1.85
23discussion,5246,-1,11 Jan 4,0,0,1.95
42general,5677,-1,1 Mar 4,0,0,1.90
24discussion,5607,-1,8 Mar 4,0,0,1.95
43general,5674,-1,13 May 4,0,0,1.82
25discussion,5724,-1,21 Apr 4,0,0,1.95
44general,6224,-1,25 Mar 5,0,0,1.85
26discussion,6062,-1,3 Jul 4,0,0,1.95
7legal,5343,-1,4 Sep 6,0,0,1.93
27discussion,4601,-1,18 Oct 4,0,0,1.81
45general,6431,-1,24 Dec 4,0,0,1.91
28discussion,5773,-1,4 Dec 4,0,0,1.95
46general,6425,-1,15 Mar 5,0,0,1.92
29discussion,6065,-1,21 Jan 5,0,0,1.93
30discussion,5596,-1,21 May 5,0,0,1.84
47general,5921,-1,11 Sep 5,0,0,1.80
31discussion,6005,-1,18 Jul 5,0,0,1.90
48general,4949,-1,11 Sep 5,0,0,1.59
49general,5974,-1,4 Sep 5,0,0,1.95
8legal,4854,-1,23 Jan 13,0,0,1.95
32discussion,5861,-1,6 Aug 5,0,0,1.87
33discussion,4425,-1,16 Sep 5,0,0,1.94
50general,6386,-1,2 Oct 5,0,0,1.90
34discussion,5502,-1,17 Jan 6,0,0,1.95
51general,5228,-1,18 Dec 5,0,0,1.70
52general,5962,-1,1 Jun 6,0,0,1.83
35discussion,5852,-1,10 May 6,0,0,1.95
53general,5676,-1,19 Jun 6,0,0,1.85
4finance,4834,-1,24 Mar 9,0,0,1.95
54general,6291,-1,27 Jul 6,0,0,1.95
36discussion,5848,-1,19 Aug 6,0,0,1.94
55general,6054,-1,2 Sep 6,0,0,1.93
37discussion,5985,-1,23 Oct 6,0,0,1.95
56general,6419,-1,26 Oct 6,0,0,1.94
57general,6181,-1,28 Dec 6,0,0,1.94
38discussion,6536,-1,15 Dec 6,0,0,1.95
39discussion,4910,-1,27 Feb 7,0,0,1.94
58general,5756,-1,5 May 7,0,0,1.93
40discussion,4822,-1,31 Aug 7,0,0,1.77
59general,5317,-1,18 Jun 7,0,0,1.94
41discussion,4869,-1,9 Sep 7,0,0,1.93
60general,4854,-1,29 Jul 7,0,0,1.92
61general,5469,-1,8 Mar 8,0,0,1.82
42discussion,4625,-1,18 Nov 7,0,0,1.93
62general,5857,-1,28 Feb 8,0,0,1.94
43discussion,5260,-1,6 Mar 8,0,0,1.89
63general,5656,-1,21 Aug 8,0,0,1.77
44discussion,5396,-1,11 Jul 11,0,0,1.76
64general,5083,-1,15 Sep 8,0,0,1.95
65general,4956,-1,19 Oct 8,0,0,1.95
45discussion,5203,-1,24 Nov 8,0,0,1.95
66general,4856,-1,18 Jan 9,0,0,1.86
46discussion,5573,-1,8 Feb 9,0,0,1.94
67general,5960,-1,22 Feb 9,0,0,1.86
47discussion,5479,-1,3 Aug 9,0,0,1.94
68general,5110,-1,10 Jul 9,0,0,1.95
5finance,3165,-1,15 Feb 13,0,7,1.33
69general,5559,-1,27 Aug 9,0,0,1.93
48discussion,5076,-1,27 Feb 10,0,0,1.89
70general,6119,-1,30 Mar 10,0,0,1.94
71general,5506,-1,3 May 10,0,0,1.88
49discussion,5266,-1,26 Apr 10,0,0,1.93
50discussion,5951,-1,30 Sep 10,0,0,1.95
72general,5352,-1,19 Jun 10,0,0,1.95
73general,5206,-1,16 Aug 10,0,0,1.87
74general,5711,-1,18 Dec 10,0,0,1.95
9legal,98,-1,16 Feb 13,27,97,0.03
51discussion,5866,-1,28 Nov 10,0,0,1.94
52discussion,5816,-1,27 Feb 11,0,0,1.91
75general,6197,-1,16 Apr 11,0,0,1.95
53discussion,6391,-1,21 Aug 11,0,0,1.94
76general,6374,-1,17 May 11,0,0,1.95
77general,6377,-1,7 Jul 11,0,0,1.94
78general,6021,-1,9 Sep 11,0,0,1.92
54discussion,6229,-1,3 Feb 12,0,0,1.92
79general,6152,-1,9 Nov 11,0,0,1.89
80general,5930,-1,2 Apr 12,0,0,1.94
55discussion,6097,-1,12 Apr 12,0,0,1.94
81general,4995,-1,4 Jun 12,0,0,1.95
56discussion,5795,-1,25 Sep 12,0,0,1.92
82general,5598,-1,20 Nov 12,0,0,1.87
57discussion,4684,-1,5 Jan 13,0,0,1.90
83general,5785,-1,29 Jan 13,0,0,1.94
58discussion,3167,-1,16 Feb 13,101,500,1.39
84general,462,-1,16 Feb 13,8,74,0.15
ENDCONFSTAT enquire_within
CONFSTAT FAILED kkk
censorship
open
1 Jul 94
devans
53
9
21536
22 May 10
general,3823,-1,14 Jul 97,0,0,1.95
files,53,31,1 Dec 5,0,0,0.02
alerts,4437,-1,25 Sep 96,0,0,1.95
chatter,1327,-1,21 Apr 6,0,0,0.63
inet,2685,-1,20 Apr 10,0,0,1.03
announce,51,-1,26 Oct 5,0,0,0.06
2alerts,4544,-1,4 Mar 97,0,0,1.95
3alerts,1737,-1,1 Oct 9,0,0,0.80
2general,2879,-1,22 May 10,0,0,1.37
ENDCONFSTAT censorship
